<?xml version="1.0" encoding="UTF-8"?>
<!-- Generated by org.testng.reporters.JUnitXMLReporter -->
<testsuite ignored="0" hostname="DESKTOP-41IN1KU" failures="1" tests="1" name="test" time="18.073" errors="0" timestamp="07 Sep 2019 07:49:54 GMT">
  <testcase classname="testng.NewTest" name="verify" time="18.021">
    <failure type="java.lang.AssertionError" message="expected [edureka] but found [Instructor-Led Online Training with 24X7 Lifetime Support | Edureka]">
      <![CDATA[java.lang.AssertionError: expected [edureka] but found [Instructor-Led Online Training with 24X7 Lifetime Support | Edureka]
at testng.NewTest.verify(NewTest.java:14)
... Removed 31 stack frames]]>
    </failure>
  </testcase> <!-- verify -->
</testsuite> <!-- test -->
